# timestamp | duration | file | instruction | dir | modtime | etag | size | fileId | status | errorString | http result code | other size | other modtime | other etag | other fileId | other instruction
#=#=#=# Syncrun started  until  (0 msec)
|0|EASE014|INST_NEW|Down|1462252691|572834c0f3a00|0|00045241oc5rjgfkniw4|4||0|0|0|||INST_NONE|
17:50:43|1943|EASE014/EASE014Session1Module1_Arousal_01.csv|INST_NEW|Down|1461013087|0225f90500b9ebf399188a38f03937e4|5083|00045242oc5rjgfkniw4|4||0|0|0|||INST_NONE|
17:50:43|4069|EASE014/EASE014Session1Module1_Arousal_03.csv|INST_NEW|Down|1460674835|10399cddac803ba2f1e77d57c27a9146|5030|00045244oc5rjgfkniw4|4||0|0|0|||INST_NONE|
17:50:43|10487|EASE014/EASE014Session1Module1_Arousal_04.csv|INST_NEW|Down|1462216227|4664ee91c857cfad1cb08460163293b6|5132|00045243oc5rjgfkniw4|4||0|0|0|||INST_NONE|
17:50:43|2986|EASE014/EASE014Session1Module1_Eng_01.csv|INST_NEW|Down|1461012390|1b61032ca266d79c329e7f0189f26f00|5102|00045245oc5rjgfkniw4|4||0|0|0|||INST_NONE|
17:50:43|13851|EASE014/EASE014Session1Module1_Eng_03.csv|INST_NEW|Down|1460675431|9df1a98b888cf62865a04af745d4d8dd|5059|00045247oc5rjgfkniw4|4||0|0|0|||INST_NONE|
17:50:43|5152|EASE014/EASE014Session1Module1_Eng_04.csv|INST_NEW|Down|1462217198|5f63457aa898af4233b1d610d06604a4|5136|00045246oc5rjgfkniw4|4||0|0|0|||INST_NONE|
17:50:46|4628|EASE014/EASE014Session1Module2_Arousal_01.csv|INST_NEW|Down|1461079588|fb9a0f154f5a980cf50275b53319be91|3624|00045248oc5rjgfkniw4|4||0|0|0|||INST_NONE|
17:50:47|5064|EASE014/EASE014Session1Module2_Arousal_03.csv|INST_NEW|Down|1460673446|41c0b09c8959dceeb61c2ba81aa19e2b|3478|00045249oc5rjgfkniw4|4||0|0|0|||INST_NONE|
17:50:48|5344|EASE014/EASE014Session1Module2_Arousal_04.csv|INST_NEW|Down|1462212821|5fd4ec671033a628ec5730df623a59f6|3600|00045250oc5rjgfkniw4|4||0|0|0|||INST_NONE|
17:50:50|6634|EASE014/EASE014Session1Module2_Eng_01.csv|INST_NEW|Down|1461079218|76fcfbbfa9850cad30cd7fdfbcf48ce5|3381|00045251oc5rjgfkniw4|4||0|0|0|||INST_NONE|
17:50:51|12329|EASE014/EASE014Session1Module2_Eng_03.csv|INST_NEW|Down|1460673784|06a7303627c53f23277d83f60d66d32c|3491|00045253oc5rjgfkniw4|4||0|0|0|||INST_NONE|
17:50:52|8718|EASE014/EASE014Session1Module2_Eng_04.csv|INST_NEW|Down|1462213437|30e5863750e9b5f032cfb0d8de7bd7e1|3408|00045252oc5rjgfkniw4|4||0|0|0|||INST_NONE|
17:50:54|3791|EASE014/EASE014Session1Video_Arousal_01.csv|INST_NEW|Down|1461010469|09b3c6608ee820995d0ef41c4fdd66be|2083|00045254oc5rjgfkniw4|4||0|0|0|||INST_NONE|
17:50:55|4224|EASE014/EASE014Session1Video_Arousal_03.csv|INST_NEW|Down|1460676195|12b7bf70735f2a58a8d21df6dd3636fe|2159|00045255oc5rjgfkniw4|4||0|0|0|||INST_NONE|
17:50:56|3982|EASE014/EASE014Session1Video_Arousal_04.csv|INST_NEW|Down|1462211569|be585cece1504d654be79e7e01d1085d|2197|00045256oc5rjgfkniw4|4||0|0|0|||INST_NONE|
17:50:57|14795|EASE014/EASE014Session1Video_Eng_01.csv|INST_NEW|Down|1461010265|c973e84f1bf905bdebcff65313e4340c|2009|00045257oc5rjgfkniw4|4||0|0|0|||INST_NONE|
17:50:58|6309|EASE014/EASE014Session1Video_Eng_03.csv|INST_NEW|Down|1460676406|22a4e35d93fbd8b7fc9277dc942d5ac4|2149|00045258oc5rjgfkniw4|4||0|0|0|||INST_NONE|
17:50:59|7831|EASE014/EASE014Session1Video_Eng_04.csv|INST_NEW|Down|1462212187|5b4eadcbfa364835d08157ebc1245b54|2040|00045259oc5rjgfkniw4|4||0|0|0|||INST_NONE|
17:51:00|14197|EASE014/EASE014Session1Vocal1_Arousal_01.csv|INST_NEW|Down|1461011052|671f1b5ae109d0ae179269912709fffd|663|00045260oc5rjgfkniw4|4||0|0|0|||INST_NONE|
17:51:01|4501|EASE014/EASE014Session1Vocal1_Arousal_03.csv|INST_NEW|Down|1460672216|c6fdba5681cac8d8f678d2caa43f5d5b|322|00045261oc5rjgfkniw4|4||0|0|0|||INST_NONE|
17:51:02|10043|EASE014/EASE014Session1Vocal1_Arousal_04.csv|INST_NEW|Down|1462218026|2362ce05440ba73882335a0b4563bdb2|661|00045262oc5rjgfkniw4|4||0|0|0|||INST_NONE|
17:51:03|5197|EASE014/EASE014Session1Vocal1_Eng_01.csv|INST_NEW|Down|1461010981|25b848bc42056751e4a5f07badd8cf8e|689|00045263oc5rjgfkniw4|4||0|0|0|||INST_NONE|
17:51:04|2436|EASE014/EASE014Session1Vocal1_Eng_03.csv|INST_NEW|Down|1460672663|81b2b352c2ce32f136ddc876717eea87|305|00045264oc5rjgfkniw4|4||0|0|0|||INST_NONE|
17:51:06|4074|EASE014/EASE014Session1Vocal1_Eng_04.csv|INST_NEW|Down|1462218248|b7b3a05a51e93d665c175b058231a128|676|00045265oc5rjgfkniw4|4||0|0|0|||INST_NONE|
17:51:07|10210|EASE014/EASE014Session1Vocal2_Arousal_01.csv|INST_NEW|Down|1461011287|1abda505c73a800e8b6d7dc703e3bbf7|639|00045266oc5rjgfkniw4|4||0|0|0|||INST_NONE|
17:51:08|14494|EASE014/EASE014Session1Vocal2_Arousal_03.csv|INST_NEW|Down|1460675668|94fdde4eb29ee57771f44e4543bc3ea0|347|00045267oc5rjgfkniw4|4||0|0|0|||INST_NONE|
17:51:10|6390|EASE014/EASE014Session1Vocal2_Arousal_04.csv|INST_NEW|Down|1462217483|a7629e50efc7591c82da150a53fc7753|651|00045268oc5rjgfkniw4|4||0|0|0|||INST_NONE|
17:51:11|2922|EASE014/EASE014Session1Vocal2_Eng_01.csv|INST_NEW|Down|1461011209|fa8b7c35087bf6b7142d3cdec87b13a7|654|00045269oc5rjgfkniw4|4||0|0|0|||INST_NONE|
17:51:12|2973|EASE014/EASE014Session1Vocal2_Eng_03.csv|INST_NEW|Down|1460675748|8167fec95327a821517a3e9e73769703|352|00045270oc5rjgfkniw4|4||0|0|0|||INST_NONE|
17:51:13|8578|EASE014/EASE014Session1Vocal2_Eng_04.csv|INST_NEW|Down|1462217827|b27a866949706340d2b5333278e9e74c|649|00045271oc5rjgfkniw4|4||0|0|0|||INST_NONE|
|0|EASE015|INST_NEW|Down|1462567893|572d03e9ca8f5|0|00045776oc5rjgfkniw4|4||0|0|0|||INST_NONE|
17:51:14|6270|EASE015/EASE015Session1Module1_Arousal_01.csv|INST_NEW|Down|1462551124|7d1db29e40bc5373c50688ca3060fe40|4826|00045779oc5rjgfkniw4|4||0|0|0|||INST_NONE|
17:51:15|3100|EASE015/EASE015Session1Module1_Arousal_08.csv|INST_NEW|Down|1462563150|6c8593ae121843e610f6336e222d04e5|4934|00045778oc5rjgfkniw4|4||0|0|0|||INST_NONE|
17:51:16|2969|EASE015/EASE015Session1Module1_Eng_01.csv|INST_NEW|Down|1462550577|6ca1e55f209167f5f055c97ff3ca25e6|4779|00045777oc5rjgfkniw4|4||0|0|0|||INST_NONE|
17:51:18|7854|EASE015/EASE015Session1Module1_Eng_08.csv|INST_NEW|Down|1462562682|ccef7fedc6fe7e054dab02a493ac3b7d|4976|00045780oc5rjgfkniw4|4||0|0|0|||INST_NONE|
17:51:19|15961|EASE015/EASE015Session1Module2_Arousal_01.csv|INST_NEW|Down|1462548084|48e9e5bcb9019f867fa0d0f0fbb1519d|8529|00045782oc5rjgfkniw4|4||0|0|0|||INST_NONE|
17:51:20|15841|EASE015/EASE015Session1Module2_Arousal_07.csv|INST_NEW|Down|1461194613|2fd1717d1db297142fa5523e33929b17|8881|00045781oc5rjgfkniw4|4||0|0|0|||INST_NONE|
17:51:22|5638|EASE015/EASE015Session1Module2_Arousal_08.csv|INST_NEW|Down|1462565270|0e8a67899d08083134f7f56bc3098bc4|8781|00045783oc5rjgfkniw4|4||0|0|0|||INST_NONE|
17:51:23|5506|EASE015/EASE015Session1Module2_Eng_01.csv|INST_NEW|Down|1462547344|e270c02bbf2241c5e19609495821e08f|8262|00045784oc5rjgfkniw4|4||0|0|0|||INST_NONE|
17:51:24|5419|EASE015/EASE015Session1Module2_Eng_08.csv|INST_NEW|Down|1462563911|f3020d3305bf973e025fd7f02feeb280|8413|00045786oc5rjgfkniw4|4||0|0|0|||INST_NONE|
17:51:25|4502|EASE015/EASE015Session1Video_Arousal_01.csv|INST_NEW|Down|1462548989|2037e3806fa9c2d8627400f699c76350|2348|00045785oc5rjgfkniw4|4||0|0|0|||INST_NONE|
17:51:26|7016|EASE015/EASE015Session1Video_Arousal_08.csv|INST_NEW|Down|1462565789|35ab6f104f674b28666b4f4bfa425ee4|2388|00045787oc5rjgfkniw4|4||0|0|0|||INST_NONE|
17:51:27|3470|EASE015/EASE015Session1Video_Eng_01.csv|INST_NEW|Down|1462548778|f8834e4055e8d1a7e4efe15ee3686026|2168|00045788oc5rjgfkniw4|4||0|0|0|||INST_NONE|
17:51:28|3289|EASE015/EASE015Session1Video_Eng_07.csv|INST_NEW|Down|1461096849|1e47c7ce14dae1ed9a074a6c80af2700|2244|00045789oc5rjgfkniw4|4||0|0|0|||INST_NONE|
17:51:30|13878|EASE015/EASE015Session1Video_Eng_08.csv|INST_NEW|Down|1462565543|13cf5c43737cf471aa909f63d1c17cda|2218|00045790oc5rjgfkniw4|4||0|0|0|||INST_NONE|
17:51:31|15929|EASE015/EASE015Session1Vocal1_Arousal_01.csv|INST_NEW|Down|1462549330|bf32eb4423ceb950018266954a9c1fbf|1098|00045791oc5rjgfkniw4|4||0|0|0|||INST_NONE|
17:51:33|5437|EASE015/EASE015Session1Vocal1_Arousal_07.csv|INST_NEW|Down|1461192280|6d86abee8b7f229ad36033c62766a372|1149|00045792oc5rjgfkniw4|4||0|0|0|||INST_NONE|
17:51:34|3184|EASE015/EASE015Session1Vocal1_Arousal_08.csv|INST_NEW|Down|1462562025|55e6cf9e03fe00e0a4419d62e9c6fc3f|1152|00045794oc5rjgfkniw4|4||0|0|0|||INST_NONE|
17:51:35|4076|EASE015/EASE015Session1Vocal1_Eng_01.csv|INST_NEW|Down|1462549214|bca58af6f51b57ecd9097235726cb2d6|1123|00045793oc5rjgfkniw4|4||0|0|0|||INST_NONE|
17:51:36|4468|EASE015/EASE015Session1Vocal1_Eng_07.csv|INST_NEW|Down|1461192143|1bfd7fe352196f9f755a28edf051caa0|1140|00045795oc5rjgfkniw4|4||0|0|0|||INST_NONE|
17:51:37|5023|EASE015/EASE015Session1Vocal1_Eng_08.csv|INST_NEW|Down|1462562187|c2ce1ca01a3b4e5540627c6a8fe861ea|1136|00045796oc5rjgfkniw4|4||0|0|0|||INST_NONE|
17:51:38|5355|EASE015/EASE015Session1Vocal2_Arousal_01.csv|INST_NEW|Down|1462545906|80ebee49b21031073e7bc2a129eb7e0d|944|00045797oc5rjgfkniw4|4||0|0|0|||INST_NONE|
17:51:39|7433|EASE015/EASE015Session1Vocal2_Arousal_07.csv|INST_NEW|Down|1461191922|c4106acb9caa8cb870abad4ce97f2ccc|951|00045798oc5rjgfkniw4|4||0|0|0|||INST_NONE|
17:51:41|10244|EASE015/EASE015Session1Vocal2_Arousal_08.csv|INST_NEW|Down|1462652513|00bf76407d909a40bb21bb165410c6ec|933|00045799oc5rjgfkniw4|4||0|0|0|||INST_NONE|
17:51:43|6309|EASE015/EASE015Session1Vocal2_Eng_01.csv|INST_NEW|Down|1462545809|8b59014e005b3f28da200762d5070288|953|00045800oc5rjgfkniw4|4||0|0|0|||INST_NONE|
17:51:43|15321|EASE015/EASE015Session1Vocal2_Eng_07.csv|INST_NEW|Down|1461191816|70f125571d5769de16aed99086a156fe|957|00045801oc5rjgfkniw4|4||0|0|0|||INST_NONE|
17:51:44|7327|EASE015/EASE015Session1Vocal2_Eng_08.csv|INST_NEW|Down|1462566232|965804bc842293f01fb31fe55f833c66|951|00045802oc5rjgfkniw4|4||0|0|0|||INST_NONE|
17:51:46|2974|EASE015/EASE015Session1module1_Arousal_07.csv|INST_NEW|Down|1461098534|63137b69f8bddeb0f3a0f2c835e22f73|4882|00045803oc5rjgfkniw4|4||0|0|0|||INST_NONE|
17:51:47|5510|EASE015/EASE015Session1module1_Eng_07.csv|INST_NEW|Down|1461098026|acb5e6e941e01a39fe9e4f85917604f3|4944|00045804oc5rjgfkniw4|4||0|0|0|||INST_NONE|
17:51:48|9082|EASE015/EASE015Session1module2_Eng_07.csv|INST_NEW|Down|1461193754|405e36861637c42b50ab929685457ac0|8456|00045805oc5rjgfkniw4|4||0|0|0|||INST_NONE|
17:51:50|4441|EASE015/EASE015Session1video_Arousal_07.csv|INST_NEW|Down|1461097126|05a4cd96cc277912f4144aa83d8e89da|2415|00045806oc5rjgfkniw4|4||0|0|0|||INST_NONE|
|0|EASE016|INST_NEW|Down|1461958889|5723b92386770|0|00045148oc5rjgfkniw4|4||0|0|0|||INST_NONE|
17:51:51|5757|EASE016/EASE016Session1Module1_Arousal_01.csv|INST_NEW|Down|1461081278|5cfaca0899207e11796a023233a32444|1794|00045149oc5rjgfkniw4|4||0|0|0|||INST_NONE|
17:51:52|15922|EASE016/EASE016Session1Module1_Arousal_03.csv|INST_NEW|Down|1460735499|1f24d3c4123b17ef73d209ce241b84e4|1865|00045151oc5rjgfkniw4|4||0|0|0|||INST_NONE|
17:51:53|11164|EASE016/EASE016Session1Module1_Arousal_06.csv|INST_NEW|Down|1460737143|90b78a384bf263bcfb3ce6613ad0bdb1|1985|00045150oc5rjgfkniw4|4||0|0|0|||INST_NONE|
17:51:54|8033|EASE016/EASE016Session1Module1_Eng_01.csv|INST_NEW|Down|1461081063|89b5841ec2599006b74919359b77a41c|1782|00045152oc5rjgfkniw4|4||0|0|0|||INST_NONE|
17:51:56|3462|EASE016/EASE016Session1Module1_Eng_03.csv|INST_NEW|Down|1460735687|c7655a1e8f01df9721e80081b3f88a43|1839|00045154oc5rjgfkniw4|4||0|0|0|||INST_NONE|
17:51:57|3370|EASE016/EASE016Session1Module1_Eng_06.csv|INST_NEW|Down|1460737347|ccf2364875c97d6c95578184155f3dbc|1985|00045153oc5rjgfkniw4|4||0|0|0|||INST_NONE|
17:51:58|6842|EASE016/EASE016Session1Module2_Arousal_01.csv|INST_NEW|Down|1461084137|b4ce52c7b931c459b066750b5bcf3e7c|3696|00045155oc5rjgfkniw4|4||0|0|0|||INST_NONE|
17:51:59|3025|EASE016/EASE016Session1Module2_Arousal_03.csv|INST_NEW|Down|1460734362|63d3e1987dbc6452d70104537553aa2b|3738|00045156oc5rjgfkniw4|4||0|0|0|||INST_NONE|
17:52:00|7168|EASE016/EASE016Session1Module2_Arousal_06.csv|INST_NEW|Down|1460738775|ea281cfbc8c1e1d536afff1fb01a7dea|3689|00045157oc5rjgfkniw4|4||0|0|0|||INST_NONE|
17:52:01|8139|EASE016/EASE016Session1Module2_Eng_01.csv|INST_NEW|Down|1461083662|f492a9921436eef1b3604dbb84f153cf|3721|00045158oc5rjgfkniw4|4||0|0|0|||INST_NONE|
17:52:02|3771|EASE016/EASE016Session1Module2_Eng_03.csv|INST_NEW|Down|1460734746|65bfe340b76b06334236632a851c745f|3717|00045159oc5rjgfkniw4|4||0|0|0|||INST_NONE|
17:52:03|24583|EASE016/EASE016Session1Module2_Eng_06.csv|INST_NEW|Down|1460739135|3533244915d07be70358d75fc4789e76|3933|00045160oc5rjgfkniw4|4||0|0|0|||INST_NONE|
17:52:05|12021|EASE016/EASE016Session1Video_Arousal_01.csv|INST_NEW|Down|1461080724|4efde467e9523d44b5d7bdb2f2944d4b|2421|00045161oc5rjgfkniw4|4||0|0|0|||INST_NONE|
17:52:06|2438|EASE016/EASE016Session1Video_Arousal_03.csv|INST_NEW|Down|1460677916|70e6bf2c3d9a14cd2a3da5be432ff513|2293|00045162oc5rjgfkniw4|4||0|0|0|||INST_NONE|
17:52:07|24630|EASE016/EASE016Session1Video_Arousal_06.csv|INST_NEW|Down|1460737828|a8c7091f7f3230196094374bb705febe|2406|00045163oc5rjgfkniw4|4||0|0|0|||INST_NONE|
17:52:07|3378|EASE016/EASE016Session1Video_Eng_01.csv|INST_NEW|Down|1461080505|a472a546ca706ac6c1e87b437964bb1f|2271|00045164oc5rjgfkniw4|4||0|0|0|||INST_NONE|
17:52:08|6267|EASE016/EASE016Session1Video_Eng_03.csv|INST_NEW|Down|1460678150|51ff4d1a59e77f790a4bdb4818836238|2223|00045165oc5rjgfkniw4|4||0|0|0|||INST_NONE|
17:52:09|2639|EASE016/EASE016Session1Video_Eng_06.csv|INST_NEW|Down|1460738060|064984b5fd5f1212f218b28193b4d096|2259|00045166oc5rjgfkniw4|4||0|0|0|||INST_NONE|
17:52:11|2745|EASE016/EASE016Session1Vocal1_Arousal_01.csv|INST_NEW|Down|1461082776|7b642ced221fcf877d3c1cdf25865891|1401|00045167oc5rjgfkniw4|4||0|0|0|||INST_NONE|
17:52:12|3639|EASE016/EASE016Session1Vocal1_Arousal_03.csv|INST_NEW|Down|1460678497|3ab3f7b08545be8bbcf1550b5a414fff|518|00045168oc5rjgfkniw4|4||0|0|0|||INST_NONE|
17:52:13|4275|EASE016/EASE016Session1Vocal1_Arousal_06.csv|INST_NEW|Down|1460735986|a7a27983f96f716296b1b4625fbb1473|1575|00045169oc5rjgfkniw4|4||0|0|0|||INST_NONE|
17:52:16|4176|EASE016/EASE016Session1Vocal1_Eng_01.csv|INST_NEW|Down|1461082441|427a0124ce3aadcea07e4f466392200e|1382|00045170oc5rjgfkniw4|4||0|0|0|||INST_NONE|
17:52:17|5459|EASE016/EASE016Session1Vocal1_Eng_03.csv|INST_NEW|Down|1460733540|80e924f0c11010b3d7ab49c018b28f81|536|00045171oc5rjgfkniw4|4||0|0|0|||INST_NONE|
17:52:18|3154|EASE016/EASE016Session1Vocal1_Eng_06.csv|INST_NEW|Down|1460736171|c9bea5fda5f05b3b7bbe6148344b00ea|1647|00045172oc5rjgfkniw4|4||0|0|0|||INST_NONE|
17:52:19|9092|EASE016/EASE016Session1Vocal2_Arousal_01.csv|INST_NEW|Down|1461081878|9b0a59d542cbf51121bbc23fc2c56858|1715|00045173oc5rjgfkniw4|4||0|0|0|||INST_NONE|
17:52:20|4457|EASE016/EASE016Session1Vocal2_Arousal_03.csv|INST_NEW|Down|1460678306|9d989fff89f18c53845d570e0f36df15|308|00045174oc5rjgfkniw4|4||0|0|0|||INST_NONE|
17:52:22|4390|EASE016/EASE016Session1Vocal2_Arousal_06.csv|INST_NEW|Down|1460736534|e044d72b1f719e64af2d6e703372e45d|1830|00045175oc5rjgfkniw4|4||0|0|0|||INST_NONE|
17:52:23|11230|EASE016/EASE016Session1Vocal2_Eng_01.csv|INST_NEW|Down|1461081702|556672820078ceafe504438b59092fc0|1600|00045177oc5rjgfkniw4|4||0|0|0|||INST_NONE|
17:52:24|5881|EASE016/EASE016Session1Vocal2_Eng_03.csv|INST_NEW|Down|1460678370|32238d4003861d237f3d3b04a472b2ca|290|00045176oc5rjgfkniw4|4||0|0|0|||INST_NONE|
17:52:26|25461|EASE016/EASE016Session1Vocal2_Eng_06.csv|INST_NEW|Down|1460736730|77f9cb995a491e16473441c46ec3a1f3|1871|00045178oc5rjgfkniw4|4||0|0|0|||INST_NONE|
|0|EASE017|INST_NEW|Down|1462572996|572d17f01040a|0|00045807oc5rjgfkniw4|4||0|0|0|||INST_NONE|
17:52:27|3383|EASE017/EASE017Session1Module1_Arousal_03.csv|INST_NEW|Down|1462469685|f687eafaef906529e5ba626fcb14d8fe|10825|00045808oc5rjgfkniw4|4||0|0|0|||INST_NONE|
17:52:28|10107|EASE017/EASE017Session1Module1_Arousal_04.csv|INST_NEW|Down|1462221159|3c5c5b7164ea9579f0e1741012cc23a6|11096|00045810oc5rjgfkniw4|4||0|0|0|||INST_NONE|
17:52:29|9743|EASE017/EASE017Session1Module1_Eng_03.csv|INST_NEW|Down|1462468734|a61d7793ba0d466ca1e08423734c3495|10874|00045809oc5rjgfkniw4|4||0|0|0|||INST_NONE|
17:52:30|3264|EASE017/EASE017Session1Module1_Eng_04.csv|INST_NEW|Down|1462224084|3778af1540a82d88d9a85fe7cb6e5ed1|10970|00045811oc5rjgfkniw4|4||0|0|0|||INST_NONE|
17:52:31|3391|EASE017/EASE017Session1Module2_Arousal_03.csv|INST_NEW|Down|1462294133|04a6c41abf6fe7895dc5dd633d1fa501|5998|00045812oc5rjgfkniw4|4||0|0|0|||INST_NONE|
17:52:32|3540|EASE017/EASE017Session1Module2_Arousal_04.csv|INST_NEW|Down|1462225970|3c2e69d49ae6fb2f8fd7fbc063a0c63d|6132|00045813oc5rjgfkniw4|4||0|0|0|||INST_NONE|
17:52:34|3566|EASE017/EASE017Session1Module2_Eng_04.csv|INST_NEW|Down|1462227258|57a081f9e2f7193e0560c71636852014|6068|00045814oc5rjgfkniw4|4||0|0|0|||INST_NONE|
17:52:35|12192|EASE017/EASE017Session1Video_Arousal_03.csv|INST_NEW|Down|1462292505|292b8eddd41ffa91b494e85fd6138561|2139|00045815oc5rjgfkniw4|4||0|0|0|||INST_NONE|
17:52:36|7277|EASE017/EASE017Session1Video_Arousal_04.csv|INST_NEW|Down|1462219981|441f6c37a0dd8533a81ebb0685e0701d|2191|00045816oc5rjgfkniw4|4||0|0|0|||INST_NONE|
17:52:37|2455|EASE017/EASE017Session1Video_Arousal_05.xlsx|INST_NEW|Down|1462571913|5f3f80e546f009516f21f4b738df3ba9|12014|00045817oc5rjgfkniw4|4||0|0|0|||INST_NONE|
17:52:38|12742|EASE017/EASE017Session1Video_Eng_03.csv|INST_NEW|Down|1462292741|969bfcff6cfad4715c4a7b543b4cb114|2097|00045818oc5rjgfkniw4|4||0|0|0|||INST_NONE|
17:52:39|1869|EASE017/EASE017Session1Video_Eng_04.csv|INST_NEW|Down|1462220202|c523f2bb2d48ea5bae227f8a1d22dcfc|2169|00045819oc5rjgfkniw4|4||0|0|0|||INST_NONE|
17:52:40|2347|EASE017/EASE017Session1Video_Eng_05.xlsx|INST_NEW|Down|1462570625|ce7568d2094296ae5ee315d5cff535ee|11486|00045820oc5rjgfkniw4|4||0|0|0|||INST_NONE|
17:52:41|3674|EASE017/EASE017Session1Vocal1_Arousal_03.csv|INST_NEW|Down|1462291474|3eec927408628ce891403685ea983e92|1049|00045821oc5rjgfkniw4|4||0|0|0|||INST_NONE|
17:52:42|3787|EASE017/EASE017Session1Vocal1_Arousal_04.csv|INST_NEW|Down|1462227453|cfce3eb07cf7d6b03c170c9a1751e277|1052|00045822oc5rjgfkniw4|4||0|0|0|||INST_NONE|
17:52:43|19068|EASE017/EASE017Session1Vocal1_Arousal_05.xlsx|INST_NEW|Down|1462571620|cf1c8856bc8f1983c2e4a2430236bc89|9981|00045823oc5rjgfkniw4|4||0|0|0|||INST_NONE|
17:52:45|3502|EASE017/EASE017Session1Vocal1_Eng_03.csv|INST_NEW|Down|1462291985|0ae289279a09fad976b00eaaf27fa577|1047|00045824oc5rjgfkniw4|4||0|0|0|||INST_NONE|
17:52:46|3053|EASE017/EASE017Session1Vocal1_Eng_04.csv|INST_NEW|Down|1462227608|3bc6fd8640c4096a28b8fa4de190ec48|1060|00045825oc5rjgfkniw4|4||0|0|0|||INST_NONE|
17:52:47|25737|EASE017/EASE017Session1Vocal1_Eng_05.xlsx|INST_NEW|Down|1462568686|62bd38fdc3100bc4e9f002c087f5f3b8|9749|00045826oc5rjgfkniw4|4||0|0|0|||INST_NONE|
17:52:48|6609|EASE017/EASE017Session1Vocal2_Arousal_04.csv|INST_NEW|Down|1462227712|70cba887c1b1fd81b578a294f1621ac3|684|00045827oc5rjgfkniw4|4||0|0|0|||INST_NONE|
17:52:49|3423|EASE017/EASE017Session1Vocal2_Arousal_05.xlsx|INST_NEW|Down|1462571706|ffecff3fabe47a8bf941594eeacdb2f1|9317|00045828oc5rjgfkniw4|4||0|0|0|||INST_NONE|
17:52:50|3742|EASE017/EASE017Session1Vocal2_Eng_03.csv|INST_NEW|Down|1462295242|f0fba3ce18d7e92941365a9f30e14df3|702|00045829oc5rjgfkniw4|4||0|0|0|||INST_NONE|
17:52:51|5881|EASE017/EASE017Session1Vocal2_Eng_04.csv|INST_NEW|Down|1462227798|c5d2b30431de34671865a882c8f4069d|704|00045830oc5rjgfkniw4|4||0|0|0|||INST_NONE|
17:52:55|5387|EASE017/EASE017Session1Vocal2_Eng_05.xlsx|INST_NEW|Down|1462568986|b3784d9aee32e8bb2faa47abd586f63d|9357|00045831oc5rjgfkniw4|4||0|0|0|||INST_NONE|
17:52:56|5178|EASE017/Ease017Session1Module2_Arousal_05.xlsx|INST_NEW|Down|1462572468|055b47fe6ec327472d438e285cec290e|18570|00045832oc5rjgfkniw4|4||0|0|0|||INST_NONE|
17:52:57|5338|EASE017/Ease017Session1Module2_Eng_03.csv|INST_NEW|Down|1462295012|9d3a24be0adb724ffab19f5a0cbb1ff9|5999|00045833oc5rjgfkniw4|4||0|0|0|||INST_NONE|
17:52:58|21458|EASE017/Ease017Session1Module2_Eng_05.xlsx|INST_NEW|Down|1462570201|bd20dde0cb2e841a12b45e23c6e53fdd|18597|00045834oc5rjgfkniw4|4||0|0|0|||INST_NONE|
17:52:59|11828|EASE017/Ease017Session1Vocal2_Arousal_03.csv|INST_NEW|Down|1462295163|71118f0b5a5e7a3f0fd8bd26d1f41f35|695|00045835oc5rjgfkniw4|4||0|0|0|||INST_NONE|
|0|EASE021|INST_NEW|Down|1462578403|572d2d015d59a|0|00045875oc5rjgfkniw4|4||0|0|0|||INST_NONE|
17:53:00|4816|EASE021/EASE021Session1Module1_Arousal_05.xlsx|INST_NEW|Down|1462577358|b416c8709fc4fc60d37ed54260212180|14916|00045877oc5rjgfkniw4|4||0|0|0|||INST_NONE|
17:53:01|4847|EASE021/EASE021Session1Module1_Arousal_06.csv|INST_NEW|Down|1461684221|fcad17856bdb990f931bb56de3fc4ba0|3925|00045876oc5rjgfkniw4|4||0|0|0|||INST_NONE|
17:53:02|3632|EASE021/EASE021Session1Module1_Arousal_07.csv|INST_NEW|Down|1461196749|b64e6b3168f87591b3fa4ba424ea2118|3936|00045878oc5rjgfkniw4|4||0|0|0|||INST_NONE|
17:53:04|3426|EASE021/EASE021Session1Module1_Eng_05.xlsx|INST_NEW|Down|1462577966|f0e8fa29ea92a39f4c573ae535f9447e|14510|00045879oc5rjgfkniw4|4||0|0|0|||INST_NONE|
17:53:05|8705|EASE021/EASE021Session1Module1_Eng_06.csv|INST_NEW|Down|1461684744|3aecab8cf4507a1f2a3edb2296a61115|3692|00045880oc5rjgfkniw4|4||0|0|0|||INST_NONE|
17:53:06|2433|EASE021/EASE021Session1Module1_Eng_07.csv|INST_NEW|Down|1461196387|93b1008b248e4b8cd7968e6c6a11372d|3966|00045881oc5rjgfkniw4|4||0|0|0|||INST_NONE|
17:53:07|3958|EASE021/EASE021Session1Video_Arousal_05.xlsx|INST_NEW|Down|1462574316|a39b3b83bfbd7c84f76e5991441e8f13|12278|00045882oc5rjgfkniw4|4||0|0|0|||INST_NONE|
17:53:08|3149|EASE021/EASE021Session1Video_Arousal_06.csv|INST_NEW|Down|1461685306|cc73f3a80cc7c6edb90b8ec8a002912a|2361|00045883oc5rjgfkniw4|4||0|0|0|||INST_NONE|
17:53:10|10910|EASE021/EASE021Session1Video_Arousal_07.csv|INST_NEW|Down|1461260440|2607ca6ca70ecd2433fd7af08d196a8a|2344|00045884oc5rjgfkniw4|4||0|0|0|||INST_NONE|
17:53:11|3581|EASE021/EASE021Session1Video_Eng_05.xlsx|INST_NEW|Down|1462575959|1137ffd05b1889db3dd46525a7813da8|11727|00045885oc5rjgfkniw4|4||0|0|0|||INST_NONE|
17:53:12|4088|EASE021/EASE021Session1Video_Eng_06.csv|INST_NEW|Down|1461685532|06933384a5fb62eb055c142fad065dda|2152|00045886oc5rjgfkniw4|4||0|0|0|||INST_NONE|
17:53:13|6719|EASE021/EASE021Session1Video_Eng_07.csv|INST_NEW|Down|1461260219|cc6fe929aac7383209d065dd6aed3fac|2327|00045887oc5rjgfkniw4|4||0|0|0|||INST_NONE|
17:53:14|3427|EASE021/EASE021Session1Vocal1_Arousal_05.xlsx|INST_NEW|Down|1462576834|70384a4c61ad60274fccd2a19c67bfb6|11798|00045888oc5rjgfkniw4|4||0|0|0|||INST_NONE|
17:53:15|7102|EASE021/EASE021Session1Vocal1_Arousal_06.csv|INST_NEW|Down|1461685942|2110ed05bcc2000e698d7753e97a99b2|1998|00045889oc5rjgfkniw4|4||0|0|0|||INST_NONE|
17:53:16|12302|EASE021/EASE021Session1Vocal1_Arousal_07.csv|INST_NEW|Down|1461195667|cf020d812c8fe77fa51805aa75b9c2e8|1996|00045890oc5rjgfkniw4|4||0|0|0|||INST_NONE|
17:53:17|28835|EASE021/EASE021Session1Vocal1_Eng_05.xlsx|INST_NEW|Down|1462576630|4c5486ecfa8a6364b9eff05ef96b9005|11538|00045891oc5rjgfkniw4|4||0|0|0|||INST_NONE|
17:53:18|6666|EASE021/EASE021Session1Vocal1_Eng_06.csv|INST_NEW|Down|1461686149|ee99e0f37672b913d964a08c471f3387|2001|00045892oc5rjgfkniw4|4||0|0|0|||INST_NONE|
17:53:19|4716|EASE021/EASE021Session1Vocal1_Eng_07.csv|INST_NEW|Down|1461195439|0fc69c2b59e26e9a71a07bb75027a0cb|2011|00045893oc5rjgfkniw4|4||0|0|0|||INST_NONE|
17:53:21|2534|EASE021/EASE021Session1Vocal2_Arousal_05.xlsx|INST_NEW|Down|1462573804|6314f4767902f432fd2900322a36e506|10210|00045894oc5rjgfkniw4|4||0|0|0|||INST_NONE|
17:53:22|4115|EASE021/EASE021Session1Vocal2_Arousal_06.csv|INST_NEW|Down|1461686395|437522b8f8ef4a49083b2531e98a8d03|1231|00045895oc5rjgfkniw4|4||0|0|0|||INST_NONE|
17:53:23|4023|EASE021/EASE021Session1Vocal2_Arousal_07.csv|INST_NEW|Down|1461259805|ec4c1efec879a36a548b9b508e6dbf1b|1186|00045896oc5rjgfkniw4|4||0|0|0|||INST_NONE|
17:53:24|5910|EASE021/EASE021Session1Vocal2_Eng_05.xlsx|INST_NEW|Down|1462574031|4bea21a46d795c688b6ff5c4e981bd55|10086|00045897oc5rjgfkniw4|4||0|0|0|||INST_NONE|
17:53:26|3973|EASE021/EASE021Session1Vocal2_Eng_06.csv|INST_NEW|Down|1461686529|86fca16bbbd83a0dadee65e2acb7ad03|1149|00045898oc5rjgfkniw4|4||0|0|0|||INST_NONE|
17:53:27|9882|EASE021/EASE021Session1Vocal2_Eng_07.csv|INST_NEW|Down|1461259681|58cb4bd1ed1b0e09d61a94e0d2d7552b|1180|00045899oc5rjgfkniw4|4||0|0|0|||INST_NONE|
|0|EASE023|INST_NEW|Down|1463114600|57355ba5a5eb7|0|00046259oc5rjgfkniw4|4||0|0|0|||INST_NONE|
17:53:28|4092|EASE023/EASE023Session1Module1End_Seg_Arousal_06.csv|INST_NEW|Down|1462554432|cba17cd522cb03383f970e4eb100044b|3056|00046260oc5rjgfkniw4|4||0|0|0|||INST_NONE|
17:53:29|4426|EASE023/EASE023Session1Module1End_Seg_Arousal_07.csv|INST_NEW|Down|1461695685|38cc613e84a9d012e7f6f708f53116b9|3166|00046262oc5rjgfkniw4|4||0|0|0|||INST_NONE|
17:53:30|5878|EASE023/EASE023Session1Module1End_Seg_Arousal_08.csv|INST_NEW|Down|1463092899|a2ae6f9936fd2a7918614d6f6dadb58b|3137|00046261oc5rjgfkniw4|4||0|0|0|||INST_NONE|
17:53:33|11847|EASE023/EASE023Session1Module1End_Seg_Eng_06.csv|INST_NEW|Down|1462554713|6ac1ccfd28bd1e92490f8d8b458f8e55|3109|00046263oc5rjgfkniw4|4||0|0|0|||INST_NONE|
17:53:34|5581|EASE023/EASE023Session1Module1End_Seg_Eng_07.csv|INST_NEW|Down|1461695401|42e10cbdacfe4061fc8a9620ed99fcd8|2908|00046264oc5rjgfkniw4|4||0|0|0|||INST_NONE|
17:53:35|6769|EASE023/EASE023Session1Module1End_Seg_Eng_08.csv|INST_NEW|Down|1463092523|6d99b15b04e5f6b7da742c3b222b4712|2980|00046265oc5rjgfkniw4|4||0|0|0|||INST_NONE|
17:53:36|3203|EASE023/EASE023Session1Module1Mid_Seg_Arousal_06.csv|INST_NEW|Down|1462553507|caa8266cdff36c0ef758665303269742|3145|00046266oc5rjgfkniw4|4||0|0|0|||INST_NONE|
17:53:37|7224|EASE023/EASE023Session1Module1Mid_Seg_Arousal_07.csv|INST_NEW|Down|1461694873|ad77a392d14f0acbd6335b53d4c3d056|3176|00046267oc5rjgfkniw4|4||0|0|0|||INST_NONE|
17:53:38|6854|EASE023/EASE023Session1Module1Mid_Seg_Arousal_08.csv|INST_NEW|Down|1463092115|47300eb8f023f454ee2d0aaa823376ce|3151|00046268oc5rjgfkniw4|4||0|0|0|||INST_NONE|
17:53:39|8737|EASE023/EASE023Session1Module1Mid_Seg_Eng_06.csv|INST_NEW|Down|1462553792|c2ecb2a0f60d8c680ac7f65810d070a8|3098|00046269oc5rjgfkniw4|4||0|0|0|||INST_NONE|
17:53:40|5548|EASE023/EASE023Session1Module1Mid_Seg_Eng_07.csv|INST_NEW|Down|1461694595|c8ea5bbb1c533c1eb4e75abbcb876585|2907|00046270oc5rjgfkniw4|4||0|0|0|||INST_NONE|
17:53:42|13908|EASE023/EASE023Session1Module1Mid_Seg_Eng_08.csv|INST_NEW|Down|1463091767|d8c5dbddeb151813521807d1c1d2bd4d|2839|00046272oc5rjgfkniw4|4||0|0|0|||INST_NONE|
17:53:43|4847|EASE023/EASE023Session1Module1Start_Seg_Arousal_06.csv|INST_NEW|Down|1462552651|b111915a50a7e5ae0cac0685961d479d|3093|00046273oc5rjgfkniw4|4||0|0|0|||INST_NONE|
17:53:44|10131|EASE023/EASE023Session1Module1Start_Seg_Arousal_07.csv|INST_NEW|Down|1461694068|5f0018740ea995c5ab44a65734a758d7|3143|00046271oc5rjgfkniw4|4||0|0|0|||INST_NONE|
17:53:45|9853|EASE023/EASE023Session1Module1Start_Seg_Arousal_08.csv|INST_NEW|Down|1463177882|8dbcc8ae90376652b942354190710a25|3147|00046274oc5rjgfkniw4|4||0|0|0|||INST_NONE|
17:53:46|3091|EASE023/EASE023Session1Module1Start_Seg_Eng_06.csv|INST_NEW|Down|1462552946|7dbee3ff0677f6e33ed145121eb32f4a|2915|00046275oc5rjgfkniw4|4||0|0|0|||INST_NONE|
17:53:47|3435|EASE023/EASE023Session1Module1Start_Seg_Eng_08.csv|INST_NEW|Down|1463091062|eb8eedccc928a1bf22cb1796704c662c|2934|00046276oc5rjgfkniw4|4||0|0|0|||INST_NONE|
17:53:48|3546|EASE023/EASE023Session1Module1start_Seg_Eng_07.csv|INST_NEW|Down|1461693757|70457378bf0795d24dadf3642c534987|2932|00046277oc5rjgfkniw4|4||0|0|0|||INST_NONE|
17:53:49|3759|EASE023/EASE023Session1Module2_Arousal_06.csv|INST_NEW|Down|1462555912|3776c9ee1b8be34fbac0f486509da64f|3856|00046278oc5rjgfkniw4|4||0|0|0|||INST_NONE|
17:53:50|7577|EASE023/EASE023Session1Module2_Arousal_08.csv|INST_NEW|Down|1463090616|4a2994d05329b0742543275aaf657b86|3940|00046279oc5rjgfkniw4|4||0|0|0|||INST_NONE|
17:53:52|19229|EASE023/EASE023Session1Module2_Eng_06.csv|INST_NEW|Down|1462556327|484b28eec89f9fec503d6768d29bb0aa|3856|00046280oc5rjgfkniw4|4||0|0|0|||INST_NONE|
17:53:53|15263|EASE023/EASE023Session1Module2_Eng_08.csv|INST_NEW|Down|1463090132|17b78ec010fddf64530e0048c35367ee|4040|00046281oc5rjgfkniw4|4||0|0|0|||INST_NONE|
17:53:54|3113|EASE023/EASE023Session1Video_Arousal_06.csv|INST_NEW|Down|1462556742|f21e529dead27425ebe793ce36730e6e|2217|00046282oc5rjgfkniw4|4||0|0|0|||INST_NONE|
17:53:55|8276|EASE023/EASE023Session1Video_Arousal_07.csv|INST_NEW|Down|1461703295|38fdfd6d9b50cf35cd39ff254076e6e0|2225|00046283oc5rjgfkniw4|4||0|0|0|||INST_NONE|
17:53:56|3056|EASE023/EASE023Session1Video_Arousal_08.csv|INST_NEW|Down|1463089216|679b243d0111616e4a49cedf1657a662|2096|00046284oc5rjgfkniw4|4||0|0|0|||INST_NONE|
17:53:58|3798|EASE023/EASE023Session1Video_Eng_06.csv|INST_NEW|Down|1462556953|073ddaf6fce17f6352c16dd6389f58d3|2114|00046285oc5rjgfkniw4|4||0|0|0|||INST_NONE|
17:53:59|3810|EASE023/EASE023Session1Video_Eng_07.csv|INST_NEW|Down|1461702994|119041ad80c26f2e22871e41d27b7ee8|2085|00046286oc5rjgfkniw4|4||0|0|0|||INST_NONE|
17:54:00|16297|EASE023/EASE023Session1Video_Eng_08.csv|INST_NEW|Down|1463088946|96867a3468b07ad4037d4c622d1f7781|1984|00046287oc5rjgfkniw4|4||0|0|0|||INST_NONE|
17:54:01|8521|EASE023/EASE023Session1Vocal1_Arousal_06.csv|INST_NEW|Down|1462551343|46442cbfb3b5e6b666633135d61db36b|1094|00046288oc5rjgfkniw4|4||0|0|0|||INST_NONE|
17:54:02|2552|EASE023/EASE023Session1Vocal1_Arousal_07.csv|INST_NEW|Down|1461702090|f38e5b8202b71d73c50bc38b31195c6a|1084|00046289oc5rjgfkniw4|4||0|0|0|||INST_NONE|
17:54:03|2459|EASE023/EASE023Session1Vocal1_Arousal_08.csv|INST_NEW|Down|1463093414|8fe3cab43f2d2ea0a8a7ff6c49cf055b|1104|00046290oc5rjgfkniw4|4||0|0|0|||INST_NONE|
17:54:06|7493|EASE023/EASE023Session1Vocal1_Eng_06.csv|INST_NEW|Down|1462551704|ea09359a8e037ef8428ce2567ae07a65|1056|00046291oc5rjgfkniw4|4||0|0|0|||INST_NONE|
17:54:07|7384|EASE023/EASE023Session1Vocal1_Eng_07.csv|INST_NEW|Down|1461701826|8539e1148f70f2182f3d585f3951be8e|1029|00046292oc5rjgfkniw4|4||0|0|0|||INST_NONE|
17:54:08|5868|EASE023/EASE023Session1Vocal1_Eng_08.csv|INST_NEW|Down|1463093167|e6d0ed348edb0ce12751fc814c59725f|1028|00046293oc5rjgfkniw4|4||0|0|0|||INST_NONE|
17:54:09|11732|EASE023/EASE023Session1Vocal2_Arousal_06.csv|INST_NEW|Down|1462555035|0617aa83346207c8aa1729bd0d1e30cd|946|00046294oc5rjgfkniw4|4||0|0|0|||INST_NONE|
17:54:11|5416|EASE023/EASE023Session1Vocal2_Arousal_07.csv|INST_NEW|Down|1461702570|23a12e2f1f3348652fee7f95d400f938|1002|00046295oc5rjgfkniw4|4||0|0|0|||INST_NONE|
17:54:12|5019|EASE023/EASE023Session1Vocal2_Arousal_08.csv|INST_NEW|Down|1463088249|98a1952948a0b652ccd7d10c106e39a4|910|00046296oc5rjgfkniw4|4||0|0|0|||INST_NONE|
17:54:13|5616|EASE023/EASE023Session1Vocal2_Eng_06.csv|INST_NEW|Down|1462555144|c3bfbe3fef65ad9229c60050f93414e5|960|00046297oc5rjgfkniw4|4||0|0|0|||INST_NONE|
17:54:14|3724|EASE023/EASE023Session1Vocal2_Eng_07.csv|INST_NEW|Down|1461702450|0db56b9ce7c42e43264eb4153db9b0b2|952|00046298oc5rjgfkniw4|4||0|0|0|||INST_NONE|
17:54:15|18334|EASE023/EASE023Session1Vocal2_Eng_08.csv|INST_NEW|Down|1463088635|a6fb50e6b2827d53e728f28316ff885e|907|00046299oc5rjgfkniw4|4||0|0|0|||INST_NONE|
17:54:16|6210|EASE023/EASE023Session1module2_Arousal_07.csv|INST_NEW|Down|1461701550|f08b7523ce654a94516e2384c5db8c4c|4368|00046300oc5rjgfkniw4|4||0|0|0|||INST_NONE|
17:54:17|2721|EASE023/EASE023Session1module2_Eng_07.csv|INST_NEW|Down|1461701179|1cabf796a9f65c0ae3f94a95ac48c2c7|4086|00046301oc5rjgfkniw4|4||0|0|0|||INST_NONE|
|0|EASE024|INST_NEW|Down|1461959431|5723bb3a1b447|0|00045179oc5rjgfkniw4|4||0|0|0|||INST_NONE|
17:54:18|18278|EASE024/EASE024Session1Module1_Arousal_03.csv|INST_NEW|Down|1461346907|e33788aeb1b45dba0c305711b81bee49|17671|00045180oc5rjgfkniw4|4||0|0|0|||INST_NONE|
17:54:19|7190|EASE024/EASE024Session1Module1_Eng_03.csv|INST_NEW|Down|1461358023|78361bfa35b7c428b983af5be4ded520|17753|00045181oc5rjgfkniw4|4||0|0|0|||INST_NONE|
17:54:20|3995|EASE024/EASE024Session1Module2_Arousal_01.csv|INST_NEW|Down|1461597700|ddd2d7bb210d65ed3c1f357216234915|4161|00045182oc5rjgfkniw4|4||0|0|0|||INST_NONE|
17:54:21|3625|EASE024/EASE024Session1Module2_Arousal_03.csv|INST_NEW|Down|1461611240|a5992d56ff4de599f66d440498f00dc7|4136|00045183oc5rjgfkniw4|4||0|0|0|||INST_NONE|
17:54:22|7899|EASE024/EASE024Session1Module2_Arousal_06.csv|INST_NEW|Down|1461688873|4841efb3d4d54558fbe852e4ac35afa6|4210|00045184oc5rjgfkniw4|4||0|0|0|||INST_NONE|
17:54:24|3308|EASE024/EASE024Session1Module2_Eng_01.csv|INST_NEW|Down|1461597311|e46b19816e062b78a55effc47f617ddf|3952|00045185oc5rjgfkniw4|4||0|0|0|||INST_NONE|
17:54:25|3366|EASE024/EASE024Session1Module2_Eng_03.csv|INST_NEW|Down|1461610310|376ec399d57a8e19da141d53e154daeb|4136|00045186oc5rjgfkniw4|4||0|0|0|||INST_NONE|
17:54:26|3381|EASE024/EASE024Session1Module2_Eng_06.csv|INST_NEW|Down|1461689311|e2161f0cd94d7dc7a41bd170103b9e1c|3804|00045188oc5rjgfkniw4|4||0|0|0|||INST_NONE|
17:54:27|12270|EASE024/EASE024Session1Video_Arousal_01.csv|INST_NEW|Down|1461598568|eb08b388d0e48f77c98431ff6e8ef51e|2212|00045187oc5rjgfkniw4|4||0|0|0|||INST_NONE|
17:54:28|4298|EASE024/EASE024Session1Video_Arousal_03.csv|INST_NEW|Down|1461610746|4be59dc1c40e37f8032179341a3ada28|2265|00045189oc5rjgfkniw4|4||0|0|0|||INST_NONE|
17:54:30|5565|EASE024/EASE024Session1Video_Arousal_06.csv|INST_NEW|Down|1461690481|5733a398639b11aa7fc9634cbcaa44e6|2288|00045190oc5rjgfkniw4|4||0|0|0|||INST_NONE|
17:54:31|12570|EASE024/EASE024Session1Video_Eng_01.csv|INST_NEW|Down|1461598352|5353d0610f821017a4dec0d0dddc0dae|2176|00045191oc5rjgfkniw4|4||0|0|0|||INST_NONE|
17:54:33|8083|EASE024/EASE024Session1Video_Eng_03.csv|INST_NEW|Down|1461279982|c067f76b6996d71942a7f953300d6b1b|2244|00045192oc5rjgfkniw4|4||0|0|0|||INST_NONE|
17:54:34|3618|EASE024/EASE024Session1Video_Eng_06.csv|INST_NEW|Down|1461690713|b80a6f64145ea6ba37444ab777a062fd|2301|00045193oc5rjgfkniw4|4||0|0|0|||INST_NONE|
17:54:35|3350|EASE024/EASE024Session1Vocal1_Arousal_01.csv|INST_NEW|Down|1461599048|f443c41ea6a454212d13f3da5da8fae2|803|00045194oc5rjgfkniw4|4||0|0|0|||INST_NONE|
17:54:36|9813|EASE024/EASE024Session1Vocal1_Arousal_03.csv|INST_NEW|Down|1461608646|993f13b7f567ddd987b3f2c21070971d|839|00045195oc5rjgfkniw4|4||0|0|0|||INST_NONE|
17:54:38|6629|EASE024/EASE024Session1Vocal1_Eng_01.csv|INST_NEW|Down|1461598924|5fe9a1972847a4ed493499b770bba083|819|00045196oc5rjgfkniw4|4||0|0|0|||INST_NONE|
17:54:39|10047|EASE024/EASE024Session1Vocal1_Eng_03.csv|INST_NEW|Down|1461608743|e49f61ce4b4cbc554c32c6edd90ee18a|834|00045197oc5rjgfkniw4|4||0|0|0|||INST_NONE|
17:54:41|7525|EASE024/EASE024Session1Vocal1_Eng_06.csv|INST_NEW|Down|1461688100|93709b18b41d0a40c54628610a386f26|833|00045198oc5rjgfkniw4|4||0|0|0|||INST_NONE|
17:54:42|4294|EASE024/EASE024Session1Vocal2_Arousal_01.csv|INST_NEW|Down|1461596569|2b90045bd98ef31befeddeea913cfccb|604|00045199oc5rjgfkniw4|4||0|0|0|||INST_NONE|
17:54:43|5940|EASE024/EASE024Session1Vocal2_Arousal_03.csv|INST_NEW|Down|1461608877|188b5b3c504f5b76a9e06d55fb133c5e|627|00045200oc5rjgfkniw4|4||0|0|0|||INST_NONE|
17:54:44|8239|EASE024/EASE024Session1Vocal2_Arousal_06.csv|INST_NEW|Down|1461689496|41a7450684ca779bfb3297fabf701c5f|646|00045201oc5rjgfkniw4|4||0|0|0|||INST_NONE|
17:54:45|8816|EASE024/EASE024Session1Vocal2_Eng_01.csv|INST_NEW|Down|1461596414|0fbf307de44df84872f9fb99068261a2|600|00045202oc5rjgfkniw4|4||0|0|0|||INST_NONE|
17:54:46|3564|EASE024/EASE024Session1Vocal2_Eng_03.csv|INST_NEW|Down|1461608959|4f7fec403b8e044a8c6f278a4d0b9698|628|00045203oc5rjgfkniw4|4||0|0|0|||INST_NONE|
17:54:47|9218|EASE024/EASE024Session1Vocal2_Eng_06.csv|INST_NEW|Down|1461689582|ef5dbb77e6ed66637aacd06d7f7c60ed|585|00045204oc5rjgfkniw4|4||0|0|0|||INST_NONE|
17:54:48|6702|EASE024/EASE024Session1vocal1_Arousal_06.csv|INST_NEW|Down|1461688000|d7c1b33d66c27bad66a2716094916081|822|00045205oc5rjgfkniw4|4||0|0|0|||INST_NONE|
|0|EASE025|INST_NEW|Down|1463203418|5736b67abd20b|0|00046315oc5rjgfkniw4|4||0|0|0|||INST_NONE|
17:54:49|1834|EASE025/EASE025Session1Module1End_Seg_Arousal_04.csv|INST_NEW|Down|1462493172|279314b75d20557db760a2c4f0ebddc8|2757|00046316oc5rjgfkniw4|4||0|0|0|||INST_NONE|
17:54:49|9726|EASE025/EASE025Session1Module1End_Seg_Arousal_07.csv|INST_NEW|Down|1462306709|50f09514355ad27d5018fac22ba292fd|2889|00046318oc5rjgfkniw4|4||0|0|0|||INST_NONE|
17:54:51|9374|EASE025/EASE025Session1Module1End_Seg_Arousal_08.csv|INST_NEW|Down|1463168150|b48165079d7872aadc4fe40286290249|2907|00046317oc5rjgfkniw4|4||0|0|0|||INST_NONE|
17:54:52|12814|EASE025/EASE025Session1Module1End_Seg_Eng_04.csv|INST_NEW|Down|1462493598|909cc973c6e56ebea3b825a37100b913|2875|00046319oc5rjgfkniw4|4||0|0|0|||INST_NONE|
17:54:54|3362|EASE025/EASE025Session1Module1End_Seg_Eng_07.csv|INST_NEW|Down|1462306436|b3351c3be6793c56ec5f30423a5b1b64|2944|00046320oc5rjgfkniw4|4||0|0|0|||INST_NONE|
17:54:55|3121|EASE025/EASE025Session1Module1End_Seg_Eng_08.csv|INST_NEW|Down|1463167836|c8e84fb428b7632580ae4facfb6263c8|2958|00046321oc5rjgfkniw4|4||0|0|0|||INST_NONE|
17:54:56|6369|EASE025/EASE025Session1Module1Mid_Seg_Arousal_04.csv|INST_NEW|Down|1462491832|c43e69bdfd90c16f0477a1b4dba8a404|2959|00046322oc5rjgfkniw4|4||0|0|0|||INST_NONE|
17:54:57|14900|EASE025/EASE025Session1Module1Mid_Seg_Arousal_07.csv|INST_NEW|Down|1462305890|3154e4e452f619760d49aa478c0d92c4|2997|00046323oc5rjgfkniw4|4||0|0|0|||INST_NONE|
17:54:58|3334|EASE025/EASE025Session1Module1Mid_Seg_Arousal_08.csv|INST_NEW|Down|1463167485|64fb71bb92a6e6a5b286341dd0432d0e|3063|00046324oc5rjgfkniw4|4||0|0|0|||INST_NONE|
17:54:59|18226|EASE025/EASE025Session1Module1Mid_Seg_Eng_04.csv|INST_NEW|Down|1462492396|ec8a3f2e2e3133f2ebca9d63fe563395|2875|00046325oc5rjgfkniw4|4||0|0|0|||INST_NONE|
17:55:00|3522|EASE025/EASE025Session1Module1Mid_Seg_Eng_07.csv|INST_NEW|Down|1462305611|0ba1d0ce5c62dd507a9a8b1fc16d4128|2927|00046326oc5rjgfkniw4|4||0|0|0|||INST_NONE|
17:55:02|4811|EASE025/EASE025Session1Module1Mid_Seg_Eng_08.csv|INST_NEW|Down|1463167086|fbaf69e6fc6d990cd7467d793db33269|2921|00046327oc5rjgfkniw4|4||0|0|0|||INST_NONE|
17:55:04|4846|EASE025/EASE025Session1Module1Start_Seg_Arousal_04.csv|INST_NEW|Down|1462490812|e3ce5480d738c40032c01f929f9c32f9|2959|00046328oc5rjgfkniw4|4||0|0|0|||INST_NONE|
17:55:05|4718|EASE025/EASE025Session1Module1Start_Seg_Arousal_07.csv|INST_NEW|Down|1462304951|50f8a5d21b10658ab707c8134db2f49c|3111|00046329oc5rjgfkniw4|4||0|0|0|||INST_NONE|
17:55:06|13720|EASE025/EASE025Session1Module1Start_Seg_Arousal_08.csv|INST_NEW|Down|1463166725|dacf980bcd8035efa44f6df567af8395|3077|00046330oc5rjgfkniw4|4||0|0|0|||INST_NONE|
17:55:07|13735|EASE025/EASE025Session1Module1Start_Seg_Eng_04.csv|INST_NEW|Down|1462491315|bd2250bc33e85f2836656c271c93d6e8|2570|00046331oc5rjgfkniw4|4||0|0|0|||INST_NONE|
17:55:08|3808|EASE025/EASE025Session1Module1Start_Seg_Eng_07.csv|INST_NEW|Down|1462304648|02ca77225e101559c25310b77c02a21a|2909|00046332oc5rjgfkniw4|4||0|0|0|||INST_NONE|
17:55:10|4705|EASE025/EASE025Session1Module1Start_Seg_Eng_08.csv|INST_NEW|Down|1463166272|9f6b6c38d503ebf59d9348db95e571b0|2916|00046333oc5rjgfkniw4|4||0|0|0|||INST_NONE|
17:55:11|3034|EASE025/EASE025Session1Module2_Arousal_04.csv|INST_NEW|Down|1462494260|b2a20c903c87acb303f07a5b83122eab|5715|00046334oc5rjgfkniw4|4||0|0|0|||INST_NONE|
17:55:12|3101|EASE025/EASE025Session1Module2_Arousal_07.csv|INST_NEW|Down|1462308401|7f5d9e136849f8842a7e32ec6dfcbd36|5918|00046335oc5rjgfkniw4|4||0|0|0|||INST_NONE|
17:55:14|9892|EASE025/EASE025Session1Module2_Arousal_08.csv|INST_NEW|Down|1463169357|8bbbc25600cfe3a28a206532e10bd95d|5868|00046336oc5rjgfkniw4|4||0|0|0|||INST_NONE|
17:55:15|19088|EASE025/EASE025Session1Module2_Eng_04.csv|INST_NEW|Down|1462494854|5619ae261b80ffae97843bd32e1d9cb3|5757|00046337oc5rjgfkniw4|4||0|0|0|||INST_NONE|
17:55:16|6921|EASE025/EASE025Session1Module2_Eng_07.csv|INST_NEW|Down|1462307733|a33c10ed0ca5488805ed0fe02fd7b94e|5886|00046338oc5rjgfkniw4|4||0|0|0|||INST_NONE|
17:55:17|3560|EASE025/EASE025Session1Module2_Eng_08.csv|INST_NEW|Down|1463168797|fa53cf8db41a39c601ba133012dfb41e|5945|00046339oc5rjgfkniw4|4||0|0|0|||INST_NONE|
17:55:19|16760|EASE025/EASE025Session1Video_Arousal_04.csv|INST_NEW|Down|1462489368|9d666fdd38c1e48270c5fc7d9aece513|2275|00046340oc5rjgfkniw4|4||0|0|0|||INST_NONE|
17:55:20|24821|EASE025/EASE025Session1Video_Arousal_07.csv|INST_NEW|Down|1462304095|234ec0bfcb9523ca02ba7fd210f9fd4c|2281|00046341oc5rjgfkniw4|4||0|0|0|||INST_NONE|
17:55:21|6437|EASE025/EASE025Session1Video_Arousal_08.csv|INST_NEW|Down|1463169898|18c37f0783dcfa42fcc008b97214b44e|2283|00046342oc5rjgfkniw4|4||0|0|0|||INST_NONE|
17:55:22|2198|EASE025/EASE025Session1Video_Eng_04.csv|INST_NEW|Down|1462489795|fed5a873437c98037611986c04b8b0f5|2164|00046343oc5rjgfkniw4|4||0|0|0|||INST_NONE|
17:55:23|2385|EASE025/EASE025Session1Video_Eng_07.csv|INST_NEW|Down|1462303885|a26b9214ab56962d0a9591f1fe4c69d6|2220|00046344oc5rjgfkniw4|4||0|0|0|||INST_NONE|
17:55:24|2215|EASE025/EASE025Session1Video_Eng_08.csv|INST_NEW|Down|1463169617|fcc26fce65e4b49eecabfc8c6556c541|2219|00046345oc5rjgfkniw4|4||0|0|0|||INST_NONE|
|0|EASE026|INST_NEW|Down|1462557640|572cdbe17f2c9|0|00045644oc5rjgfkniw4|4||0|0|0|||INST_NONE|
17:55:26|4204|EASE026/EASE026Session1Module1End_SegEng_06.csv|INST_NEW|Down|1462309921|057c6320738938ded389466c11cd0703|3186|00045647oc5rjgfkniw4|4||0|0|0|||INST_NONE|
17:55:27|2125|EASE026/EASE026Session1Module1End_Seg_Arousal_01.csv|INST_NEW|Down|1461775304|18ad801b93d96f7908ff6127833d6321|2967|00045646oc5rjgfkniw4|4||0|0|0|||INST_NONE|
17:55:27|3430|EASE026/EASE026Session1Module1End_Seg_Arousal_06.csv|INST_NEW|Down|1462309921|339451f41a6ca49804ee635d441376a3|3406|00045645oc5rjgfkniw4|4||0|0|0|||INST_NONE|
17:55:29|3314|EASE026/EASE026Session1Module1End_Seg_Arousal_07.csv|INST_NEW|Down|1461866337|ac8ee5aecbd4eee2e1be23290cb30e49|3092|00045648oc5rjgfkniw4|4||0|0|0|||INST_NONE|
17:55:30|12135|EASE026/EASE026Session1Module1End_Seg_Eng_01.csv|INST_NEW|Down|1461775037|01bd95963389afc5351fdfccda53714e|2889|00045650oc5rjgfkniw4|4||0|0|0|||INST_NONE|
17:55:31|5593|EASE026/EASE026Session1Module1End_Seg_Eng_07.csv|INST_NEW|Down|1461866047|06f82b742ba38a30e8a3390c738bf3e1|3034|00045649oc5rjgfkniw4|4||0|0|0|||INST_NONE|
17:55:32|2437|EASE026/EASE026Session1Module1Mid_Seg_Arousal_01.csv|INST_NEW|Down|1461774514|61ab41da250bdee5b83913ed2533adfb|2777|00045651oc5rjgfkniw4|4||0|0|0|||INST_NONE|
17:55:34|4320|EASE026/EASE026Session1Module1Mid_Seg_Arousal_06.csv|INST_NEW|Down|1462309921|fdf763b74bfbb5ccbffbb589ec89bd5b|3264|00045653oc5rjgfkniw4|4||0|0|0|||INST_NONE|
17:55:36|4289|EASE026/EASE026Session1Module1Mid_Seg_Arousal_07.csv|INST_NEW|Down|1461865520|dae4f274601f29da4da40914e2b33de7|3041|00045652oc5rjgfkniw4|4||0|0|0|||INST_NONE|
17:55:37|4010|EASE026/EASE026Session1Module1Mid_Seg_Eng_01.csv|INST_NEW|Down|1461774240|a7b0310119bde05efc6d0c3b23cc1260|2862|00045654oc5rjgfkniw4|4||0|0|0|||INST_NONE|
17:55:38|4386|EASE026/EASE026Session1Module1Mid_Seg_Eng_06.csv|INST_NEW|Down|1462309922|51dd1c7be358b454df10b118e615658f|3150|00045656oc5rjgfkniw4|4||0|0|0|||INST_NONE|
17:55:39|5206|EASE026/EASE026Session1Module1Mid_Seg_Eng_07.csv|INST_NEW|Down|1461865241|6c3f83554c3205dca532002c015c4670|2936|00045655oc5rjgfkniw4|4||0|0|0|||INST_NONE|
17:55:40|5166|EASE026/EASE026Session1Module1Start_Seg_Arousal_01.csv|INST_NEW|Down|1461773469|3a6dab193eedb38d23df193871347d18|3059|00045657oc5rjgfkniw4|4||0|0|0|||INST_NONE|
17:55:41|6155|EASE026/EASE026Session1Module1Start_Seg_Arousal_06.csv|INST_NEW|Down|1462309922|73b725b9312602dfe117c7cfee48fecf|3202|00045658oc5rjgfkniw4|4||0|0|0|||INST_NONE|
17:55:42|23650|EASE026/EASE026Session1Module1Start_Seg_Arousal_07.csv|INST_NEW|Down|1461775045|526ac51e10309d8d1ce62ce4dbce54eb|3089|00045660oc5rjgfkniw4|4||0|0|0|||INST_NONE|
17:55:43|11558|EASE026/EASE026Session1Module1Start_Seg_Eng_01.csv|INST_NEW|Down|1461773198|e007cd1eba5313acda04dc3f680aeb32|2973|00045659oc5rjgfkniw4|4||0|0|0|||INST_NONE|
17:55:44|3838|EASE026/EASE026Session1Module1Start_Seg_Eng_06.csv|INST_NEW|Down|1462309922|298c961199ef59d29a798c7619d4544c|3145|00045661oc5rjgfkniw4|4||0|0|0|||INST_NONE|
17:55:45|3662|EASE026/EASE026Session1Module1Start_Seg_Eng_07.csv|INST_NEW|Down|1461774727|c1a8e96d5ac040bf50b156fb033e25c1|2920|00045662oc5rjgfkniw4|4||0|0|0|||INST_NONE|
17:55:46|3866|EASE026/EASE026Session1Module2_Arousal_06.csv|INST_NEW|Down|1461695874|5f743a9d72729f8d1271ae869b44f364|6911|00045663oc5rjgfkniw4|4||0|0|0|||INST_NONE|
17:55:48|5160|EASE026/EASE026Session1Module2_Arousal_07.csv|INST_NEW|Down|1461773898|a9f55091b95ea03f70f1eec2e8797950|6993|00045664oc5rjgfkniw4|4||0|0|0|||INST_NONE|
17:55:49|5463|EASE026/EASE026Session1Module2_Eng_06.csv|INST_NEW|Down|1462298855|388f34cf5ea70cbc368dc89b812fcdba|6691|00045665oc5rjgfkniw4|4||0|0|0|||INST_NONE|
17:55:50|8186|EASE026/EASE026Session1Module2_Eng_07.csv|INST_NEW|Down|1461773231|7528c38308c1cdee056cb66491959437|6693|00045666oc5rjgfkniw4|4||0|0|0|||INST_NONE|
17:55:51|5625|EASE026/EASE026Session1Module2_arousal_01.csv|INST_NEW|Down|1461687219|aad9b2c82263cd64955c9562bfd30656|6516|00045667oc5rjgfkniw4|4||0|0|0|||INST_NONE|
17:55:52|7875|EASE026/EASE026Session1Module2_eng_01.csv|INST_NEW|Down|1461686598|7ced5258d1c006fef81a4ea71641b07e|6592|00045668oc5rjgfkniw4|4||0|0|0|||INST_NONE|
17:55:54|6017|EASE026/EASE026Session1Video_Arousal_01.csv|INST_NEW|Down|1461775956|a0210294cb60baa67a283ee7aabca645|2047|00045669oc5rjgfkniw4|4||0|0|0|||INST_NONE|
17:55:54|7579|EASE026/EASE026Session1Video_Arousal_06.csv|INST_NEW|Down|1461693742|e9cab6e10b435e9034ba7067033fe29a|1975|00045670oc5rjgfkniw4|4||0|0|0|||INST_NONE|
17:55:56|5630|EASE026/EASE026Session1Video_Arousal_07.csv|INST_NEW|Down|1461771688|b823d947e8b4144c5242c359a0bbe594|2030|00045671oc5rjgfkniw4|4||0|0|0|||INST_NONE|
17:55:57|10539|EASE026/EASE026Session1Video_Eng_01.csv|INST_NEW|Down|1461775701|aa573d370f9e698069b301b3e671bd50|1858|00045672oc5rjgfkniw4|4||0|0|0|||INST_NONE|
17:55:58|4061|EASE026/EASE026Session1Video_Eng_06.csv|INST_NEW|Down|1461693948|df3a5768f0648888f1ef58272a369c00|1821|00045673oc5rjgfkniw4|4||0|0|0|||INST_NONE|
17:55:59|4663|EASE026/EASE026Session1Video_Eng_07.csv|INST_NEW|Down|1461771501|38f69635962d76d47adb96235a7baf10|1922|00045674oc5rjgfkniw4|4||0|0|0|||INST_NONE|
17:56:00|5308|EASE026/EASE026Session1Vocal1_Arousal_01.csv|INST_NEW|Down|1461776255|0e4668300a1fa58b92c7d98840198f5e|958|00045675oc5rjgfkniw4|4||0|0|0|||INST_NONE|
17:56:01|7565|EASE026/EASE026Session1Vocal1_Arousal_06.csv|INST_NEW|Down|1461694547|03778a2b45e4c4716de19265fb7cadb6|962|00045676oc5rjgfkniw4|4||0|0|0|||INST_NONE|
17:56:02|22849|EASE026/EASE026Session1Vocal1_Arousal_07.csv|INST_NEW|Down|1461772000|52d8a8c33b5e9671974aa34d11f3ae8d|964|00045677oc5rjgfkniw4|4||0|0|0|||INST_NONE|
17:56:04|19271|EASE026/EASE026Session1Vocal1_Eng_01.csv|INST_NEW|Down|1461776138|184e3ee34d97da6a563266e0d2d53aff|890|00045678oc5rjgfkniw4|4||0|0|0|||INST_NONE|
17:56:05|14990|EASE026/EASE026Session1Vocal1_Eng_06.csv|INST_NEW|Down|1461694653|75b229f03ba30b7886f16cfebcadbd93|971|00045679oc5rjgfkniw4|4||0|0|0|||INST_NONE|
17:56:06|5773|EASE026/EASE026Session1Vocal1_Eng_07.csv|INST_NEW|Down|1461771890|af7218546171e7ec234d3d42e7799a45|982|00045680oc5rjgfkniw4|4||0|0|0|||INST_NONE|
17:56:07|3606|EASE026/EASE026Session1Vocal2_Arousal_01.csv|INST_NEW|Down|1461688057|6e6be75e92ac19320ecf4c29cc94ad00|871|00045681oc5rjgfkniw4|4||0|0|0|||INST_NONE|
17:56:09|3326|EASE026/EASE026Session1Vocal2_Arousal_06.csv|INST_NEW|Down|1461694194|a8fd4019e80a4a8a29ce65cb450fb806|937|00045682oc5rjgfkniw4|4||0|0|0|||INST_NONE|
17:56:10|3224|EASE026/EASE026Session1Vocal2_Arousal_07.csv|INST_NEW|Down|1461774196|0a8d39d3afb89b35d50a3a59aa7c67d9|941|00045683oc5rjgfkniw4|4||0|0|0|||INST_NONE|
17:56:11|3094|EASE026/EASE026Session1Vocal2_Eng_01.csv|INST_NEW|Down|1461687948|7cd0d4314f79972469225d6fff569da9|874|00045684oc5rjgfkniw4|4||0|0|0|||INST_NONE|
17:56:12|3252|EASE026/EASE026Session1Vocal2_Eng_06.csv|INST_NEW|Down|1461694335|dfbbf47c87f85f7724b4daf6462f8ca0|945|00045685oc5rjgfkniw4|4||0|0|0|||INST_NONE|
17:56:13|3026|EASE026/EASE026Session1Vocal2_Eng_07.csv|INST_NEW|Down|1461774087|01f1325fd8811fe48784614128fd4789|948|00045686oc5rjgfkniw4|4||0|0|0|||INST_NONE|
|0|EASE028|INST_NEW|Down|1463779783|573f81dec5381|0|00046767oc5rjgfkniw4|4||0|0|0|||INST_NONE|
17:56:14|2890|EASE028/EASE028Session1Module1End_Seg_Arousal_06.csv|INST_NEW|Down|1462309922|b4404046df5dba663eeadbf8e55a6a22|3168|00046768oc5rjgfkniw4|4||0|0|0|||INST_NONE|
17:56:15|2923|EASE028/EASE028Session1Module1End_Seg_Arousal_07.csv|INST_NEW|Down|1461869693|fc593261c9515c0688c2cd7612ceb409|3082|00046770oc5rjgfkniw4|4||0|0|0|||INST_NONE|
17:56:16|5438|EASE028/EASE028Session1Module1End_Seg_Arousal_08.csv|INST_NEW|Down|1463765851|e5046b35f2aeb0663a043811627e5074|3120|00046769oc5rjgfkniw4|4||0|0|0|||INST_NONE|
17:56:17|3129|EASE028/EASE028Session1Module1End_Seg_Eng_06.csv|INST_NEW|Down|1462309922|522ab5d5881eadd6fc545dcb17c44249|3230|00046771oc5rjgfkniw4|4||0|0|0|||INST_NONE|
17:56:18|21238|EASE028/EASE028Session1Module1End_Seg_Eng_07.csv|INST_NEW|Down|1461869405|a48eb78ceede4d157689a3cfa07cc948|3045|00046773oc5rjgfkniw4|4||0|0|0|||INST_NONE|
17:56:20|4398|EASE028/EASE028Session1Module1End_Seg_Eng_08.csv|INST_NEW|Down|1463765572|904a0aae3c475b5fccbd9a190f3f6209|2961|00046772oc5rjgfkniw4|4||0|0|0|||INST_NONE|
17:56:22|20517|EASE028/EASE028Session1Module1Mid_Seg_Arousal_06.csv|INST_NEW|Down|1462309922|7d232dd044cfecebe1608dc4f3ee3c55|3330|00046774oc5rjgfkniw4|4||0|0|0|||INST_NONE|
17:56:23|4582|EASE028/EASE028Session1Module1Mid_Seg_Arousal_07.csv|INST_NEW|Down|1461868643|4b73b63ee5f57ccd0c57d230b5ab71d2|3071|00046776oc5rjgfkniw4|4||0|0|0|||INST_NONE|
17:56:24|4286|EASE028/EASE028Session1Module1Mid_Seg_Arousal_08.csv|INST_NEW|Down|1463765178|a9cee1f91592caf0801dae7e7158fd94|3102|00046775oc5rjgfkniw4|4||0|0|0|||INST_NONE|
17:56:25|4476|EASE028/EASE028Session1Module1Mid_Seg_Eng_06.csv|INST_NEW|Down|1462309922|264d577461590f77dffcd74102a675b7|3180|00046777oc5rjgfkniw4|4||0|0|0|||INST_NONE|
17:56:26|4567|EASE028/EASE028Session1Module1Mid_Seg_Eng_07.csv|INST_NEW|Down|1461868360|2a0e158c508bb941e2e823487b72841a|2932|00046778oc5rjgfkniw4|4||0|0|0|||INST_NONE|
17:56:27|8601|EASE028/EASE028Session1Module1Mid_Seg_Eng_08.csv|INST_NEW|Down|1463764880|14e85cb2381190c81748596da30d084e|2875|00046779oc5rjgfkniw4|4||0|0|0|||INST_NONE|
17:56:28|4055|EASE028/EASE028Session1Module1Start_Seg_Arousal_06.csv|INST_NEW|Down|1462309922|240045fa384d3683041dfb8bc83a9d40|3211|00046780oc5rjgfkniw4|4||0|0|0|||INST_NONE|
17:56:30|4035|EASE028/EASE028Session1Module1Start_Seg_Arousal_07.csv|INST_NEW|Down|1461867772|5ecce55e4ce8ff34f1ae2270eebe1394|3098|00046781oc5rjgfkniw4|4||0|0|0|||INST_NONE|
17:56:30|3969|EASE028/EASE028Session1Module1Start_Seg_Arousal_08.csv|INST_NEW|Down|1463764592|8e4a8419f3e28836ab8caa09a3e89941|3090|00046782oc5rjgfkniw4|4||0|0|0|||INST_NONE|
17:56:31|7068|EASE028/EASE028Session1Module1Start_Seg_Eng_06.csv|INST_NEW|Down|1462309922|5ef99c77043c541c4664c5fdb4ab3738|3228|00046783oc5rjgfkniw4|4||0|0|0|||INST_NONE|
17:56:33|3390|EASE028/EASE028Session1Module1Start_Seg_Eng_07.csv|INST_NEW|Down|1461867479|a29bcd64a9401a1ea21d2343582b4dc6|2930|00046784oc5rjgfkniw4|4||0|0|0|||INST_NONE|
17:56:34|3314|EASE028/EASE028Session1Module1Start_Seg_Eng_08.csv|INST_NEW|Down|1463764304|1ffbe9bdd786437a5e116cddb185340f|2930|00046785oc5rjgfkniw4|4||0|0|0|||INST_NONE|
17:56:35|15785|EASE028/EASE028Session1Module2_Arousal_07.csv|INST_NEW|Down|1461955727|22b26760cf6279df4304a936080e762d|7563|00046786oc5rjgfkniw4|4||0|0|0|||INST_NONE|
17:56:36|18319|EASE028/EASE028Session1Module2_Eng_07.csv|INST_NEW|Down|1461952987|ee69f370719f485bcc531d4aad2f15b6|7242|00046787oc5rjgfkniw4|4||0|0|0|||INST_NONE|
17:56:38|9057|EASE028/EASE028Session1Video_Arousal_07.csv|INST_NEW|Down|1461951735|d54d110c57370759e071bcdf7f7ce194|2379|00046788oc5rjgfkniw4|4||0|0|0|||INST_NONE|
17:56:40|4509|EASE028/EASE028Session1Video_Arousal_08.csv|INST_NEW|Down|1463763091|92d3e4c185f2905d05e72ad03c7f8c20|2232|00046789oc5rjgfkniw4|4||0|0|0|||INST_NONE|
17:56:41|4489|EASE028/EASE028Session1Video_Eng_06.csv|INST_NEW|Down|1462306315|1570c674962748e170b9d3088c0266a6|2323|00046790oc5rjgfkniw4|4||0|0|0|||INST_NONE|
17:56:42|4243|EASE028/EASE028Session1Video_Eng_07.csv|INST_NEW|Down|1461951510|4df10e8334dd7b808c8feffc3a04af18|2334|00046791oc5rjgfkniw4|4||0|0|0|||INST_NONE|
17:56:43|6683|EASE028/EASE028Session1Video_Eng_08.csv|INST_NEW|Down|1463762697|d50c5e2d31362a7b98065a073cd9c3d9|2320|00046792oc5rjgfkniw4|4||0|0|0|||INST_NONE|
17:56:44|3195|EASE028/EASE028Session1Vocal1_Arousal_06.csv|INST_NEW|Down|1462306670|d90c0a2f88844819ad6c8dd8e9cbc636|1023|00046793oc5rjgfkniw4|4||0|0|0|||INST_NONE|
17:56:45|3186|EASE028/EASE028Session1Vocal1_Arousal_07.csv|INST_NEW|Down|1461951100|8082b5b09b8c8c06b34818c96276a54d|1089|00046794oc5rjgfkniw4|4||0|0|0|||INST_NONE|
17:56:46|5644|EASE028/EASE028Session1Vocal1_Arousal_08.csv|INST_NEW|Down|1463763576|edbf20d8cea17166601c841f7b039b65|976|00046795oc5rjgfkniw4|4||0|0|0|||INST_NONE|
17:56:47|9326|EASE028/EASE028Session1Vocal1_Eng_06.csv|INST_NEW|Down|1462306802|5630c942e8f9ee8f0bd8eac6e39ab768|1024|00046796oc5rjgfkniw4|4||0|0|0|||INST_NONE|
17:56:48|7052|EASE028/EASE028Session1Vocal1_Eng_07.csv|INST_NEW|Down|1461950987|530b5a9c78dd4edb9bf3e511a73d4fd8|1025|00046797oc5rjgfkniw4|4||0|0|0|||INST_NONE|
17:56:50|3402|EASE028/EASE028Session1Vocal1_Eng_08.csv|INST_NEW|Down|1463763350|262a368bde5669f6c9ec1272b289d808|1032|00046798oc5rjgfkniw4|4||0|0|0|||INST_NONE|
17:56:51|9146|EASE028/EASE028Session1Vocal2_Arousal_06.csv|INST_NEW|Down|1462303619|fb26144a1f5527cf34c53918986538ab|1145|00046799oc5rjgfkniw4|4||0|0|0|||INST_NONE|
17:56:52|12986|EASE028/EASE028Session1Vocal2_Arousal_07.csv|INST_NEW|Down|1461866944|6ff193fb3732b96db49854512f237ad7|1163|00046800oc5rjgfkniw4|4||0|0|0|||INST_NONE|
17:56:53|10674|EASE028/EASE028Session1Vocal2_Arousal_08.csv|INST_NEW|Down|1463763966|00c56a75f641b79cdaafec819398a758|1123|00046801oc5rjgfkniw4|4||0|0|0|||INST_NONE|
17:56:54|3465|EASE028/EASE028Session1Vocal2_Eng_06.csv|INST_NEW|Down|1462304910|168a5f49062cab161771774ba3114c8a|1144|00046802oc5rjgfkniw4|4||0|0|0|||INST_NONE|
17:56:55|6808|EASE028/EASE028Session1Vocal2_Eng_07.csv|INST_NEW|Down|1461866808|e29bf48f1b4ffadbaf26ae678a66f302|1141|00046803oc5rjgfkniw4|4||0|0|0|||INST_NONE|
17:56:57|2155|EASE028/EASE028Session1Vocal2_Eng_08.csv|INST_NEW|Down|1463763793|f09d0a46757f26670968f22c91b1dfa8|1141|00046804oc5rjgfkniw4|4||0|0|0|||INST_NONE|
17:56:58|3521|EASE028/EASE028Session1video_Arousal_06.csv|INST_NEW|Down|1462306098|c08b531eaa6d669b19cf2de47e86f919|2232|00046805oc5rjgfkniw4|4||0|0|0|||INST_NONE|
#=#=#=# Syncrun started  until  (0 msec)
#=#=#=# Syncrun started  until  (0 msec)
#=#=#=# Syncrun started  until  (0 msec)
#=#=#=# Syncrun started  until  (0 msec)
#=#=#=# Syncrun started  until  (0 msec)
#=#=#=# Syncrun started  until  (0 msec)
#=#=#=# Syncrun started  until  (0 msec)
#=#=#=# Syncrun started  until  (0 msec)
#=#=#=# Syncrun started  until  (0 msec)
#=#=#=# Syncrun started  until  (0 msec)
#=#=#=# Syncrun started  until  (0 msec)
#=#=#=# Syncrun started  until  (0 msec)
#=#=#=# Syncrun started  until  (0 msec)
#=#=#=# Syncrun started  until  (0 msec)
#=#=#=# Syncrun started  until  (0 msec)
#=#=#=# Syncrun started  until  (0 msec)
#=#=#=# Syncrun started  until  (0 msec)
#=#=#=# Syncrun started  until  (0 msec)
#=#=#=# Syncrun started  until  (0 msec)
#=#=#=# Syncrun started  until  (0 msec)
#=#=#=# Syncrun started  until  (0 msec)
#=#=#=# Syncrun started  until  (0 msec)
#=#=#=# Syncrun started  until  (0 msec)
#=#=#=# Syncrun started  until  (0 msec)
#=#=#=# Syncrun started  until  (0 msec)
#=#=#=# Syncrun started  until  (0 msec)
#=#=#=# Syncrun started  until  (0 msec)
#=#=#=# Syncrun started  until  (0 msec)
#=#=#=# Syncrun started  until  (0 msec)
#=#=#=# Syncrun started  until  (0 msec)
#=#=#=# Syncrun started  until  (0 msec)
#=#=#=# Syncrun started  until  (0 msec)
#=#=#=# Syncrun started  until  (0 msec)
#=#=#=# Syncrun started  until  (0 msec)
#=#=#=# Syncrun started  until  (0 msec)
#=#=#=# Syncrun started  until  (0 msec)
#=#=#=# Syncrun started  until  (0 msec)
#=#=#=# Syncrun started  until  (0 msec)
#=#=#=# Syncrun started  until  (0 msec)
